Added Component: Designator=P1(662024235922)
Add component (AddParameter): Name = "Contact Resistance"; Value = "10mOhm"; VariantName = "[No Variations]"
Add component (AddParameter): Name = "Datasheet URL"; Value = "https://katalog.we-online.de/em/datasheet/6620xx235922.pdf"; VariantName = "[No Variations]"
Add component (AddParameter): Name = "Gender"; Value = "Male"; VariantName = "[No Variations]"
Add component (AddParameter): Name = "Manufacturer"; Value = "Wurth Elektronik"; VariantName = "[No Variations]"
Add component (AddParameter): Name = "Manufacturer URL"; Value = "http://www.we-online.de"; VariantName = "[No Variations]"
Add component (AddParameter): Name = "Mounting Technology"; Value = "SMT"; VariantName = "[No Variations]"
Add component (AddParameter): Name = "Operating Temperature"; Value = "-40to105degC"; VariantName = "[No Variations]"
Add component (AddParameter): Name = "Orientation"; Value = "Vertical"; VariantName = "[No Variations]"
Add component (AddParameter): Name = "Package Reference"; Value = "662024235922"; VariantName = "[No Variations]"
Add component (AddParameter): Name = "Packaging"; Value = "Tube"; VariantName = "[No Variations]"
Add component (AddParameter): Name = "Part Number"; Value = "662024235922"; VariantName = "[No Variations]"
Add component (AddParameter): Name = "Pin Number"; Value = "24"; VariantName = "[No Variations]"
Add component (AddParameter): Name = "Pitch"; Value = "3mm"; VariantName = "[No Variations]"
Add component (AddParameter): Name = "Publisher"; Value = "WurthElektronik"; VariantName = "[No Variations]"
Add component (AddParameter): Name = "Working Voltage"; Value = "250VAC"; VariantName = "[No Variations]"
Added Component: Designator=U4(TQFP-PT80_N)
Add component (AddParameter): Name = "Code_JEDEC"; Value = "MS-026"; VariantName = "[No Variations]"
Add component (AddParameter): Name = "ComponentLink1Description"; Value = "Datasheet"; VariantName = "[No Variations]"
Add component (AddParameter): Name = "ComponentLink1URL"; Value = "http://ww1.microchip.com/downloads/en/DeviceDoc/39897c.pdf"; VariantName = "[No Variations]"
Add component (AddParameter): Name = "ComponentLink2Description"; Value = "Packaging Specification"; VariantName = "[No Variations]"
Add component (AddParameter): Name = "ComponentLink2URL"; Value = "http://www.microchip.com/stellent/groups/techpub_sg/documents/packagingspec/en012702.pdf"; VariantName = "[No Variations]"
Add component (AddParameter): Name = "ComponentLink3Description"; Value = "Microchip.com Home"; VariantName = "[No Variations]"
Add component (AddParameter): Name = "ComponentLink3URL"; Value = "http://www.microchip.com/"; VariantName = "[No Variations]"
Add component (AddParameter): Name = "DatasheetVersion"; Value = "revC, Dec-2009"; VariantName = "[No Variations]"
Add component (AddParameter): Name = "PackageDescription"; Value = "80-Lead Thin Plastic Quad Flat Pack (PT) - 12x12x1mm Body, 2.00mm [TQFP]"; VariantName = "[No Variations]"
Add component (AddParameter): Name = "PackageReference"; Value = "TQFP-PT80"; VariantName = "[No Variations]"
Add component (AddParameter): Name = "PackageVersion"; Value = "revBB, Aug-2009"; VariantName = "[No Variations]"
Add component (AddParameter): Name = "RevisionNote"; Value = "Component URLs added."; VariantName = "[No Variations]"
Added Component: Designator=X1(MURA-CSTCE_G_V)
Add component (AddParameter): Name = "Capacitance"; Value = "33pF"; VariantName = "[No Variations]"
Add component (AddParameter): Name = "Catalog Drawings"; Value = "CSTCE-(G,V)SeriesSide2

CSTCE-(G,V)SeriesTop

CSTCE-(G,V)SeriesSide1

CSTCE-(G,V)SeriesBottom"; VariantName = "[No Variations]"
Add component (AddParameter): Name = "Category"; Value = "CrystalsandOscillators"; VariantName = "[No Variations]"
Add component (AddParameter): Name = "Datasheet URL"; Value = "http://www.murata.com/~/media/webrenewal/support/library/catalog/products/timingdevice/ceralock/p16e.ashx"; VariantName = "[No Variations]"
Add component (AddParameter): Name = "Datasheet Version"; Value = "12/2015"; VariantName = "[No Variations]"
Add component (AddParameter): Name = "Dynamic Catalog"; Value = "CERALOCK®,CSTCESeries"; VariantName = "[No Variations]"
Add component (AddParameter): Name = "Family"; Value = "Resonators"; VariantName = "[No Variations]"
Add component (AddParameter): Name = "Features"; Value = "BuiltinCapacitor"; VariantName = "[No Variations]"
Add component (AddParameter): Name = "Frequency"; Value = "12MHz"; VariantName = "[No Variations]"
Add component (AddParameter): Name = "Frequency Stability"; Value = "±0.2%"; VariantName = "[No Variations]"
Add component (AddParameter): Name = "Frequency Tolerance"; Value = "±0.5%"; VariantName = "[No Variations]"
Add component (AddParameter): Name = "Height"; Value = "0.031"(0.80mm)"; VariantName = "[No Variations]"
Add component (AddParameter): Name = "Impedance"; Value = "30Ohm"; VariantName = "[No Variations]"
Add component (AddParameter): Name = "Manufacturer"; Value = "Murata"; VariantName = "[No Variations]"
Add component (AddParameter): Name = "Manufacturer URL"; Value = "http://www.murata.com/"; VariantName = "[No Variations]"
Add component (AddParameter): Name = "Mounting Technology"; Value = "SurfaceMount"; VariantName = "[No Variations]"
Add component (AddParameter): Name = "Mounting Type"; Value = "SurfaceMount"; VariantName = "[No Variations]"
Add component (AddParameter): Name = "Operating Temperature"; Value = "-40°C~125°C"; VariantName = "[No Variations]"
Add component (AddParameter): Name = "Other Names"; Value = "490-1220-6"; VariantName = "[No Variations]"
Add component (AddParameter): Name = "Package / Case"; Value = "3-SMD,Non-Standard"; VariantName = "[No Variations]"
Add component (AddParameter): Name = "Package Description"; Value = "3-Pin Surface Mount Device, Body 3.2 x 1.3 mm, Pitch 1.2 mm"; VariantName = "[No Variations]"
Add component (AddParameter): Name = "Package Reference"; Value = "CSTCE_G"; VariantName = "[No Variations]"
Add component (AddParameter): Name = "Packaging"; Value = "Digi-Reel®"; VariantName = "[No Variations]"
Add component (AddParameter): Name = "Series"; Value = "CERALOCK®"; VariantName = "[No Variations]"
Add component (AddParameter): Name = "Size / Dimension"; Value = "0.126"Lx0.051"W(3.20mmx1.30mm)"; VariantName = "[No Variations]"
Add component (AddParameter): Name = "Standard Package"; Value = "1"; VariantName = "[No Variations]"
Add component (AddParameter): Name = "Type"; Value = "Ceramic"; VariantName = "[No Variations]"
Added Pin To Net: NetName=GND Pin=X1-2
Added Pin To Net: NetName=NetBR1_3 Pin=BR1-3
Added Net: Name=NetBR1_3
Added Pin To Net: NetName=NetBR1_4 Pin=BR1-4
Added Net: Name=NetBR1_4
Added Pin To Net: NetName=NetU4_49 Pin=U4-49
Added Pin To Net: NetName=NetU4_49 Pin=X1-3
Added Net: Name=NetU4_49
Added Pin To Net: NetName=NetU4_50 Pin=U4-50
Added Pin To Net: NetName=NetU4_50 Pin=X1-1
Added Net: Name=NetU4_50
Added Class: Name=uprocessor
Added Member To Class: ClassName=power Member=Component P1 662024235922
Added Room: Name=power
Added Room: Name=uprocessor
